<?xml version="1.0" encoding="UTF-8"?>
<!-- Generated by org.testng.reporters.JUnitReportReporter -->
<testsuite name="dataDriven.ExcelPractice" tests="1" time="1.016" ignored="0" failures="0" timestamp="27 Nov 2019 05:00:45 GMT" skipped="0" hostname="DESKTOP-QJ8FI0G" errors="0">
  <testcase name="datadrivenpractice" time="1.016" classname="dataDriven.ExcelPractice"/>
</testsuite> <!-- dataDriven.ExcelPractice -->
