<?xml version="1.0" encoding="UTF-8"?>
<!-- Generated by org.testng.reporters.JUnitReportReporter -->
<testsuite name="javaCocepts.ConstructorDemo" tests="1" time="0.016" ignored="0" failures="0" timestamp="05 Jan 2020 14:44:40 GMT" skipped="0" hostname="DESKTOP-QJ8FI0G" errors="0">
  <testcase name="method" time="0.016" classname="javaCocepts.ConstructorDemo"/>
</testsuite> <!-- javaCocepts.ConstructorDemo -->
