<?xml version="1.0" encoding="UTF-8"?>
<!-- Generated by org.testng.reporters.JUnitReportReporter -->
<testsuite name="dataDriven.practicedataDriven" tests="1" time="1.000" ignored="0" failures="0" timestamp="27 Nov 2019 05:20:53 GMT" skipped="0" hostname="DESKTOP-QJ8FI0G" errors="0">
  <testcase name="practicemethod" time="1.000" classname="dataDriven.practicedataDriven"/>
</testsuite> <!-- dataDriven.practicedataDriven -->
