<?xml version="1.0" encoding="UTF-8"?>
<!-- Generated by org.testng.reporters.JUnitReportReporter -->
<testsuite name="javaCocepts.DateAndCalander" tests="1" time="0.054" ignored="0" failures="0" timestamp="05 Jan 2020 11:20:21 GMT" skipped="0" hostname="DESKTOP-QJ8FI0G" errors="0">
  <testcase name="calendarDemo" time="0.054" classname="javaCocepts.DateAndCalander"/>
</testsuite> <!-- javaCocepts.DateAndCalander -->
