<?xml version="1.0" encoding="UTF-8"?>
<!-- Generated by org.testng.reporters.JUnitReportReporter -->
<testsuite name="javaCocepts.OtherBasics" tests="1" time="0.016" ignored="1" failures="0" timestamp="30 May 2020 17:22:11 GMT" skipped="0" hostname="DESKTOP-QJ8FI0G" errors="0">
  <testcase name="printIndex" time="0.016" classname="javaCocepts.OtherBasics"/>
  <testcase name="sumOfIntegersInArray" classname="javaCocepts.OtherBasics">
    <skipped/>
  </testcase> <!-- sumOfIntegersInArray -->
</testsuite> <!-- javaCocepts.OtherBasics -->
