<?xml version="1.0" encoding="UTF-8"?>
<!-- Generated by org.testng.reporters.JUnitReportReporter -->
<testsuite name="prep2_Testng.NewTest" tests="1" time="0.032" ignored="0" failures="0" timestamp="22 Nov 2019 17:58:12 GMT" skipped="0" hostname="DESKTOP-QJ8FI0G" errors="0">
  <testcase name="Login" time="0.032" classname="prep2_Testng.NewTest"/>
</testsuite> <!-- prep2_Testng.NewTest -->
