<?xml version="1.0" encoding="UTF-8"?>
<!-- Generated by org.testng.reporters.JUnitReportReporter -->
<testsuite name="prep2_Testng.Annotations" tests="1" time="0.011" ignored="1" failures="0" timestamp="21 Nov 2019 17:05:53 GMT" skipped="0" hostname="DESKTOP-QJ8FI0G" errors="0">
  <testcase name="personalLoanTesting" time="0.011" classname="prep2_Testng.Annotations"/>
  <testcase name="clAPI" classname="prep2_Testng.CarLoan">
    <skipped/>
  </testcase> <!-- clAPI -->
</testsuite> <!-- prep2_Testng.Annotations -->
