<?xml version="1.0" encoding="UTF-8"?>
<!-- Generated by org.testng.reporters.JUnitReportReporter -->
<testsuite name="javaCocepts.ArraysBasics" tests="1" time="0.020" ignored="0" failures="0" timestamp="05 Jan 2020 10:47:34 GMT" skipped="0" hostname="DESKTOP-QJ8FI0G" errors="0">
  <testcase name="reverseArray" time="0.020" classname="javaCocepts.ArraysBasics"/>
</testsuite> <!-- javaCocepts.ArraysBasics -->
