<?xml version="1.0" encoding="UTF-8"?>
<!-- Generated by org.testng.reporters.JUnitReportReporter -->
<testsuite name="prep2_Testng.PersonalLoan" tests="1" time="0.032" ignored="7" failures="0" timestamp="22 Nov 2019 10:42:54 GMT" skipped="0" hostname="DESKTOP-QJ8FI0G" errors="0">
  <testcase name="plAPI" time="0.032" classname="prep2_Testng.PersonalLoan"/>
  <testcase name="plMobile" classname="prep2_Testng.PersonalLoan">
    <skipped/>
  </testcase> <!-- plMobile -->
  <testcase name="plWebLogin" classname="prep2_Testng.PersonalLoan">
    <skipped/>
  </testcase> <!-- plWebLogin -->
  <testcase name="Testingpersonalloan" classname="prep2_Testng.Annotations">
    <skipped/>
  </testcase> <!-- Testingpersonalloan -->
  <testcase name="Testingpersonalloan3" classname="prep2_Testng.Annotations">
    <skipped/>
  </testcase> <!-- Testingpersonalloan3 -->
  <testcase name="Testingpersonalloan2" classname="prep2_Testng.Annotations">
    <skipped/>
  </testcase> <!-- Testingpersonalloan2 -->
  <testcase name="clAPI" classname="prep2_Testng.CarLoan">
    <skipped/>
  </testcase> <!-- clAPI -->
  <testcase name="clMobile" classname="prep2_Testng.CarLoan">
    <skipped/>
  </testcase> <!-- clMobile -->
</testsuite> <!-- prep2_Testng.PersonalLoan -->
