<?xml version="1.0" encoding="UTF-8"?>
<!-- Generated by org.testng.reporters.JUnitReportReporter -->
<testsuite name="javaCocepts.StringManipulations" tests="1" time="0.016" ignored="4" failures="0" timestamp="02 Jan 2020 12:45:37 GMT" skipped="0" hostname="DESKTOP-QJ8FI0G" errors="0">
  <testcase name="otherfunctins1" time="0.016" classname="javaCocepts.StringManipulations"/>
  <testcase name="otherfunctins" classname="javaCocepts.StringManipulations">
    <skipped/>
  </testcase> <!-- otherfunctins -->
  <testcase name="reverstring" classname="javaCocepts.StringManipulations">
    <skipped/>
  </testcase> <!-- reverstring -->
  <testcase name="reverstring1" classname="javaCocepts.StringManipulations">
    <skipped/>
  </testcase> <!-- reverstring1 -->
  <testcase name="verifyPalidrom" classname="javaCocepts.StringManipulations">
    <skipped/>
  </testcase> <!-- verifyPalidrom -->
</testsuite> <!-- javaCocepts.StringManipulations -->
